{"/Users/mahabub/rnd/mx7/src/otp.ts": {"path":"/Users/mahabub/rnd/mx7/src/otp.ts","statementMap":{"0":{"start":{"line":9,"column":2},"end":{"line":11,"column":3}},"1":{"start":{"line":10,"column":4},"end":{"line":10,"column":20}},"2":{"start":{"line":13,"column":2},"end":{"line":15,"column":3}},"3":{"start":{"line":14,"column":4},"end":{"line":14,"column":23}},"4":{"start":{"line":17,"column":2},"end":{"line":19,"column":3}},"5":{"start":{"line":18,"column":4},"end":{"line":18,"column":28}},"6":{"start":{"line":21,"column":2},"end":{"line":24,"column":3}},"7":{"start":{"line":23,"column":4},"end":{"line":23,"column":null}},"8":{"start":{"line":26,"column":12},"end":{"line":26,"column":14}},"9":{"start":{"line":28,"column":2},"end":{"line":44,"column":3}},"10":{"start":{"line":30,"column":25},"end":{"line":30,"column":63}},"11":{"start":{"line":32,"column":4},"end":{"line":37,"column":5}},"12":{"start":{"line":32,"column":17},"end":{"line":32,"column":18}},"13":{"start":{"line":33,"column":21},"end":{"line":33,"column":51}},"14":{"start":{"line":34,"column":6},"end":{"line":36,"column":null}},"15":{"start":{"line":40,"column":4},"end":{"line":43,"column":5}},"16":{"start":{"line":40,"column":17},"end":{"line":40,"column":18}},"17":{"start":{"line":41,"column":21},"end":{"line":41,"column":51}},"18":{"start":{"line":42,"column":6},"end":{"line":42,"column":null}},"19":{"start":{"line":46,"column":2},"end":{"line":46,"column":null}},"20":{"start":{"line":8,"column":0},"end":{"line":8,"column":16}}},"fnMap":{"0":{"name":"generateOtp","decl":{"start":{"line":8,"column":16},"end":{"line":8,"column":27}},"loc":{"start":{"line":8,"column":54},"end":{"line":47,"column":1}}}},"branchMap":{"0":{"loc":{"start":{"line":8,"column":28},"end":{"line":8,"column":54}},"type":"default-arg","locations":[{"start":{"line":8,"column":52},"end":{"line":8,"column":54}}]},"1":{"loc":{"start":{"line":9,"column":2},"end":{"line":11,"column":3}},"type":"if","locations":[{"start":{"line":9,"column":2},"end":{"line":11,"column":3}}]},"2":{"loc":{"start":{"line":13,"column":2},"end":{"line":15,"column":3}},"type":"if","locations":[{"start":{"line":13,"column":2},"end":{"line":15,"column":3}}]},"3":{"loc":{"start":{"line":17,"column":2},"end":{"line":19,"column":3}},"type":"if","locations":[{"start":{"line":17,"column":2},"end":{"line":19,"column":3}}]},"4":{"loc":{"start":{"line":21,"column":2},"end":{"line":24,"column":3}},"type":"if","locations":[{"start":{"line":21,"column":2},"end":{"line":24,"column":3}}]},"5":{"loc":{"start":{"line":21,"column":6},"end":{"line":21,"column":41}},"type":"binary-expr","locations":[{"start":{"line":21,"column":6},"end":{"line":21,"column":21}},{"start":{"line":21,"column":25},"end":{"line":21,"column":41}}]},"6":{"loc":{"start":{"line":28,"column":2},"end":{"line":44,"column":3}},"type":"if","locations":[{"start":{"line":28,"column":2},"end":{"line":44,"column":3}},{"start":{"line":38,"column":9},"end":{"line":44,"column":3}}]},"7":{"loc":{"start":{"line":34,"column":13},"end":{"line":36,"column":30}},"type":"cond-expr","locations":[{"start":{"line":35,"column":10},"end":{"line":35,"column":44}},{"start":{"line":36,"column":10},"end":{"line":36,"column":30}}]}},"s":{"0":8,"1":4,"2":8,"3":5,"4":8,"5":7,"6":8,"7":2,"8":6,"9":6,"10":3,"11":3,"12":3,"13":18,"14":18,"15":3,"16":3,"17":18,"18":18,"19":6,"20":1},"f":{"0":8},"b":{"0":[1],"1":[4],"2":[5],"3":[7],"4":[2],"5":[8,7],"6":[3,3],"7":[6,12]}}
}
